<?xml version="1.0" encoding="UTF-8"?>
<testsuite errors="0" failures="0" name="advertisers_platform_tests.HelloWorldTest-20170805110535" skipped="0" tests="1" time="0.001">
	<testcase classname="advertisers_platform_tests.HelloWorldTest" name="test_should_issue_hello_world_message" time="0.001"/>
	<system-out>
<![CDATA[]]>	</system-out>
	<system-err>
<![CDATA[]]>	</system-err>
</testsuite>
